  Graphics2D.cpp
C:\Users\Thomas Popay\source\repos\Circle Illusion\OpenGL\src\Graphics2D.cpp(29,27): warning C4244: '=': conversion from 'double' to 'float', possible loss of data
C:\Users\Thomas Popay\source\repos\Circle Illusion\OpenGL\src\Graphics2D.cpp(30,27): warning C4244: '=': conversion from 'double' to 'float', possible loss of data
C:\Users\Thomas Popay\source\repos\Circle Illusion\OpenGL\src\Graphics2D.cpp(483,49): warning C4244: '-=': conversion from 'double' to 'float', possible loss of data
C:\Users\Thomas Popay\source\repos\Circle Illusion\OpenGL\src\Graphics2D.cpp(484,43): warning C4244: '=': conversion from 'double' to 'float', possible loss of data
C:\Users\Thomas Popay\source\repos\Circle Illusion\OpenGL\src\Graphics2D.cpp(489,45): warning C4244: '+=': conversion from 'double' to 'float', possible loss of data
  Application.cpp
C:\Users\Thomas Popay\source\repos\Circle Illusion\OpenGL\src\Application.cpp(67,49): warning C4244: 'argument': conversion from 'double' to 'float', possible loss of data
C:\Users\Thomas Popay\source\repos\Circle Illusion\OpenGL\src\Application.cpp(67,39): warning C4244: 'argument': conversion from 'double' to 'float', possible loss of data
C:\Users\Thomas Popay\source\repos\Circle Illusion\OpenGL\src\Application.cpp(67,28): warning C4244: 'argument': conversion from 'double' to 'float', possible loss of data
C:\Users\Thomas Popay\source\repos\Circle Illusion\OpenGL\src\Application.cpp(67,17): warning C4244: 'argument': conversion from 'double' to 'float', possible loss of data
C:\Users\Thomas Popay\source\repos\Circle Illusion\OpenGL\src\Application.cpp(79,80): warning C4244: 'argument': conversion from 'double' to 'float', possible loss of data
C:\Users\Thomas Popay\source\repos\Circle Illusion\OpenGL\src\Application.cpp(79,61): warning C4244: 'argument': conversion from 'double' to 'float', possible loss of data
C:\Users\Thomas Popay\source\repos\Circle Illusion\OpenGL\src\Application.cpp(79,42): warning C4244: 'argument': conversion from 'double' to 'float', possible loss of data
C:\Users\Thomas Popay\source\repos\Circle Illusion\OpenGL\src\Application.cpp(82,70): warning C4305: 'argument': truncation from 'double' to 'float'
C:\Users\Thomas Popay\source\repos\Circle Illusion\OpenGL\src\Application.cpp(82,54): warning C4244: 'argument': conversion from 'double' to 'float', possible loss of data
C:\Users\Thomas Popay\source\repos\Circle Illusion\OpenGL\src\Application.cpp(82,30): warning C4244: 'argument': conversion from 'double' to 'float', possible loss of data
  maths.cpp
LINK : warning LNK4098: defaultlib 'LIBCMT' conflicts with use of other libs; use /NODEFAULTLIB:library
  Generating code
  Previous IPDB not found, fall back to full compilation.
C:\Users\Thomas Popay\source\repos\Circle Illusion\OpenGL\src\Application.cpp(43): warning C4715: 'input': not all control paths return a value
  All 108 functions were compiled because no usable IPDB/IOBJ from previous compilation was found.
  Finished generating code
glew32s.lib(glew.obj) : warning LNK4099: PDB 'vc120.pdb' was not found with 'glew32s.lib(glew.obj)' or at 'C:\Users\Thomas Popay\source\repos\Circle Illusion\OpenGL\Release\vc120.pdb'; linking object as if no debug info
  OpenGL.vcxproj -> C:\Users\Thomas Popay\source\repos\Circle Illusion\OpenGL\Release\Template.exe
